0 info it worked if it ends with ok
1 verbose cli [ 'node', '/usr/bin/npm', 'run', 'dev' ]
2 info using npm@3.5.2
3 info using node@v0.10.40
4 verbose node symlink /usr/bin/node
5 verbose run-script [ 'predev', 'dev', 'postdev' ]
6 info lifecycle @~predev: @
7 silly lifecycle @~predev: no script for predev, continuing
8 info lifecycle @~dev: @
9 verbose lifecycle @~dev: unsafe-perm in lifecycle true
10 verbose lifecycle @~dev: PATH: /usr/lib/node_modules/npm/bin/node-gyp-bin:/home/md/facebook/node_modules/.bin:/home/md/.rvm/gems/ruby-2.2.1-full@rails4.2/bin:/home/md/.rvm/gems/ruby-2.2.1-full@global/bin:/home/md/.rvm/rubies/ruby-2.2.1-full/bin:/usr/local/heroku/bin:/home/md/.composer/vendor/bin:/usr/lib/lightdm/lightdm:/usr/local/sbin:/usr/local/bin:/usr/sbin:/usr/bin:/sbin:/bin:/usr/games:/home/md/.rvm/bin:/home/md/.rvm/bin:/home/md/.rvm/bin
11 verbose lifecycle @~dev: CWD: /home/md/facebook
12 silly lifecycle @~dev: Args: [ '-c', 'gulp watch' ]
13 silly lifecycle @~dev: Returned: code: 8  signal: null
14 info lifecycle @~dev: Failed to exec dev script
15 verbose stack Error: @ dev: `gulp watch`
15 verbose stack Exit status 8
15 verbose stack     at EventEmitter.<anonymous> (/usr/lib/node_modules/npm/lib/utils/lifecycle.js:232:16)
15 verbose stack     at EventEmitter.emit (events.js:98:17)
15 verbose stack     at ChildProcess.<anonymous> (/usr/lib/node_modules/npm/lib/utils/spawn.js:24:14)
15 verbose stack     at ChildProcess.emit (events.js:98:17)
15 verbose stack     at maybeClose (child_process.js:766:16)
15 verbose stack     at Process.ChildProcess._handle.onexit (child_process.js:833:5)
16 verbose pkgid @
17 verbose cwd /home/md/facebook
18 error Linux 3.13.0-32-generic
19 error argv "node" "/usr/bin/npm" "run" "dev"
20 error node v0.10.40
21 error npm  v3.5.2
22 error code ELIFECYCLE
23 error @ dev: `gulp watch`
23 error Exit status 8
24 error Failed at the @ dev script 'gulp watch'.
24 error Make sure you have the latest version of node.js and npm installed.
24 error If you do, this is most likely a problem with the  package,
24 error not with npm itself.
24 error Tell the author that this fails on your system:
24 error     gulp watch
24 error You can get information on how to open an issue for this project with:
24 error     npm bugs
24 error Or if that isn't available, you can get their info via:
24 error     npm owner ls
24 error There is likely additional logging output above.
25 verbose exit [ 1, true ]
